<?xml version="1.0" encoding="UTF-8"?>
<!-- Generated by org.testng.reporters.JUnitReportReporter -->
<testsuite hostname="DESKTOP-C8RAVEQ" name="TEST.TEST" tests="1" failures="0" timestamp="19 Aug 2019 11:34:45 GMT" time="0.006" errors="0">
  <testcase name="add" time="0.006" classname="TEST.TEST"/>
</testsuite> <!-- TEST.TEST -->
